2019-09-15 01:45:22,516 - DEBUG - {'food_ids': [1, 10], 'meal_data': [{'foods': [{'food_id': 1, 'food_name': 'Idli'}, {'food_id': 10, 'food_name': 'Sambar'}], 'meal_id': 1}, {'foods': [{'food_id': 1, 'food_name': 'Idli'}, {'food_id': 11, 'food_name': 'Chutney'}], 'meal_id': 2}, {'foods': [{'food_id': 1, 'food_name': 'Idli'}, {'food_id': 10, 'food_name': 'Sambar'}, {'food_id': 11, 'food_name': 'Chutney'}], 'meal_id': 3}, {'foods': [{'food_id': 2, 'food_name': 'Dosa'}, {'food_id': 10, 'food_name': 'Sambar'}], 'meal_id': 4}]}
2019-09-15 01:45:22,516 - DEBUG - {"meal_ids": [1, 3], "status": "Success"}
2019-09-15 01:45:22,522 - DEBUG - {'food_ids': [1], 'meal_data': [{'foods': [{'food_id': 1, 'food_name': 'Idli'}, {'food_id': 10, 'food_name': 'Sambar'}], 'meal_id': 1}, {'foods': [{'food_id': 1, 'food_name': 'Idli'}, {'food_id': 11, 'food_name': 'Chutney'}], 'meal_id': 2}, {'foods': [{'food_id': 1, 'food_name': 'Idli'}, {'food_id': 10, 'food_name': 'Sambar'}, {'food_id': 11, 'food_name': 'Chutney'}], 'meal_id': 3}, {'foods': [{'food_id': 2, 'food_name': 'Dosa'}, {'food_id': 10, 'food_name': 'Sambar'}], 'meal_id': 4}]}
2019-09-15 01:45:22,522 - DEBUG - {"meal_ids": [1, 2, 3], "status": "Success"}
2019-09-15 01:45:22,526 - DEBUG - {'meal_data': [{'foods': [{'food_id': 1, 'food_name': 'Idli'}, {'food_id': 10, 'food_name': 'Sambar'}], 'meal_id': 1}, {'foods': [{'food_id': 1, 'food_name': 'Idli'}, {'food_id': 11, 'food_name': 'Chutney'}], 'meal_id': 2}, {'foods': [{'food_id': 1, 'food_name': 'Idli'}, {'food_id': 10, 'food_name': 'Sambar'}, {'food_id': 11, 'food_name': 'Chutney'}], 'meal_id': 3}, {'foods': [{'food_id': 2, 'food_name': 'Dosa'}, {'food_id': 10, 'food_name': 'Sambar'}], 'meal_id': 4}]}
2019-09-15 01:45:22,526 - DEBUG - {"error_message": "food_ids is missing in request body", "status": "Failed"}
2019-09-15 01:45:22,529 - DEBUG - {'food_ids': 1, 'meal_data': [{'foods': [{'food_id': 1, 'food_name': 'Idli'}, {'food_id': 10, 'food_name': 'Sambar'}], 'meal_id': 1}, {'foods': [{'food_id': 1, 'food_name': 'Idli'}, {'food_id': 11, 'food_name': 'Chutney'}], 'meal_id': 2}, {'foods': [{'food_id': 1, 'food_name': 'Idli'}, {'food_id': 10, 'food_name': 'Sambar'}, {'food_id': 11, 'food_name': 'Chutney'}], 'meal_id': 3}, {'foods': [{'food_id': 2, 'food_name': 'Dosa'}, {'food_id': 10, 'food_name': 'Sambar'}], 'meal_id': 4}]}
2019-09-15 01:45:22,529 - DEBUG - {"error_message": "food_ids data type mismatch, food_ids expected to be <class 'list'>", "status": "Failed"}
2019-09-15 01:45:22,533 - DEBUG - {'food_ids': 1, 'meal_data': 1}
2019-09-15 01:45:22,533 - DEBUG - {"error_message": "meal_data data type mismatch, meal_data expected to be <class 'list'>", "status": "Failed"}
2019-09-15 01:45:22,536 - DEBUG - {'food_ids': [1, 10]}
2019-09-15 01:45:22,537 - DEBUG - {"error_message": "meal_data is missing in request body", "status": "Failed"}
2019-09-15 01:45:22,540 - DEBUG - {}
2019-09-15 01:45:22,540 - DEBUG - {"error_message": "meal_data and food_ids are missing in request body", "status": "Failed"}
2019-09-15 01:45:22,543 - DEBUG - {'food_ids': [10], 'meal_data': [{'foods': [{'food_id': 1, 'food_name': 'Idli'}, {'food_id': 10, 'food_name': 'Sambar'}], 'id': 1}]}
2019-09-15 01:45:22,544 - DEBUG - {"error_message": "'meal_id key is not present in meal_data'", "status": "Failed"}
2019-09-15 01:45:22,547 - DEBUG - {'food_ids': [10], 'meal_data': [{'food': [{'food_id': 1, 'food_name': 'Idli'}, {'food_id': 10, 'food_name': 'Sambar'}], 'meal_id': 1}]}
2019-09-15 01:45:22,548 - DEBUG - {"error_message": "'foods key is not present in meal_data'", "status": "Failed"}
2019-09-15 01:45:22,551 - DEBUG - {'food_ids': [10], 'meal_data': [{'foods': [{'food_name': 'Idli', 'id': 1}, {'food_name': 'Sambar', 'id': 10}], 'meal_id': 1}]}
2019-09-15 01:45:22,551 - DEBUG - {"error_message": "'food_id key is not present in meal_data[foods]'", "status": "Failed"}
2019-09-15 01:46:47,605 - INFO -  * Running on http://0.0.0.0:5000/ (Press CTRL+C to quit)
